<?xml version="1.0" encoding="UTF-8"?>
<testng-results ignored="0" total="1" passed="1" failed="0" skipped="0">
  <reporter-output>
  </reporter-output>
  <suite started-at="2023-03-06T11:32:38 IST" name="Default suite" finished-at="2023-03-06T11:33:30 IST" duration-ms="51878">
    <groups>
    </groups>
    <test started-at="2023-03-06T11:32:38 IST" name="Default test" finished-at="2023-03-06T11:33:30 IST" duration-ms="51878">
      <class name="Tests.Ordercompletetest">
        <test-method is-config="true" signature="setup()[pri:0, instance:Tests.Ordercompletetest@272ed83b]" started-at="2023-03-06T11:32:38 IST" name="setup" finished-at="2023-03-06T11:32:48 IST" duration-ms="10193" status="PASS">
          <reporter-output>
          </reporter-output>
        </test-method> <!-- setup -->
        <test-method signature="enedtoendTest()[pri:0, instance:Tests.Ordercompletetest@272ed83b]" started-at="2023-03-06T11:32:48 IST" name="enedtoendTest" finished-at="2023-03-06T11:33:29 IST" duration-ms="41378" status="PASS">
          <reporter-output>
          </reporter-output>
        </test-method> <!-- enedtoendTest -->
        <test-method is-config="true" signature="teardown()[pri:0, instance:Tests.Ordercompletetest@272ed83b]" started-at="2023-03-06T11:33:29 IST" name="teardown" finished-at="2023-03-06T11:33:30 IST" duration-ms="250" status="PASS">
          <reporter-output>
          </reporter-output>
        </test-method> <!-- teardown -->
      </class> <!-- Tests.Ordercompletetest -->
    </test> <!-- Default test -->
  </suite> <!-- Default suite -->
</testng-results>
